{
  "stats": {
    "suites": 3,
    "tests": 6,
    "passes": 1,
    "pending": 1,
    "failures": 3,
    "testsRegistered": 6,
    "passPercent": 16.666666666666668,
    "pendingPercent": 16.666666666666668,
    "other": 0,
    "hasOther": false,
    "skipped": 1,
    "hasSkipped": true,
    "start": "2018-12-21T17:42:36.693Z",
    "end": "2018-12-21T17:44:25.123Z",
    "duration": 108430
  },
  "results": [
    {
      "uuid": "b527abbe-ae4e-4f8d-a847-14ded62c3f87",
      "title": "Suite 1",
      "fullFile": "",
      "file": "",
      "beforeHooks": [],
      "afterHooks": [],
      "tests": [
        {
          "title": "Test 1",
          "fullTitle": "Test 1",
          "duration": 100,
          "state": "failed",
          "speed": "slow",
          "pass": false,
          "fail": true,
          "pending": false,
          "code": "assert(true === false)",
          "err": {},
          "isRoot": false,
          "uuid": "adb6842f-f468-4b4d-a1b9-ce6027b65ebc",
          "isHook": false,
          "skipped": false
        }
      ],
      "suites": [],
      "passes": [],
      "failures": [
        "adb6842f-f468-4b4d-a1b9-ce6027b65ebc"
      ],
      "pending": [],
      "skipped": [],
      "duration": 100,
      "root": false,
      "rootEmpty": false,
      "_timeout": 2000
    },
    {
      "uuid": "bb3adeb6-1e0f-4529-a46e-f673d1d678f2",
      "title": "Suite 2",
      "fullFile": "",
      "file": "",
      "beforeHooks": [],
      "afterHooks": [],
      "tests": [
        {
          "title": "Test 1",
          "fullTitle": "Test 1",
          "duration": 100,
          "state": "failed",
          "speed": "slow",
          "pass": false,
          "fail": true,
          "pending": false,
          "code": "assert(true === false)",
          "err": {},
          "isRoot": false,
          "uuid": "65f0bdd7-103e-4721-8703-85db11202924",
          "isHook": false,
          "skipped": false
        },
        {
          "title": "Test 2",
          "fullTitle": "Test 2",
          "duration": 100,
          "state": "passed",
          "speed": "slow",
          "pass": true,
          "fail": false,
          "pending": false,
          "code": "assert(true === true)",
          "err": {},
          "isRoot": false,
          "uuid": "6be9c16a-c076-47ba-97ed-e77449b53497",
          "isHook": false,
          "skipped": false
        },
        {
          "title": "Test 3",
          "fullTitle": "Test 3",
          "duration": 100,
          "state": "failed",
          "speed": "slow",
          "pass": false,
          "fail": true,
          "pending": false,
          "code": "assert(true === false)",
          "err": {},
          "isRoot": false,
          "uuid": "3c1a9974-11f1-40de-a941-4e5b2cd32fe7",
          "isHook": false,
          "skipped": false
        }
      ],
      "suites": [],
      "passes": [
        "6be9c16a-c076-47ba-97ed-e77449b53497"
      ],
      "failures": [
        "65f0bdd7-103e-4721-8703-85db11202924",
        "3c1a9974-11f1-40de-a941-4e5b2cd32fe7"
      ],
      "pending": [],
      "skipped": [],
      "duration": 100,
      "root": false,
      "rootEmpty": false,
      "_timeout": 2000
    },
    {
      "uuid": "b527abbe-ae4e-4f8d-a847-14ded62c3f88",
      "title": "Suite 4",
      "fullFile": "",
      "file": "",
      "beforeHooks": [],
      "afterHooks": [],
      "tests": [
        {
          "title": "Test 1",
          "fullTitle": "Test 1",
          "duration": 100,
          "state": "pending",
          "speed": "slow",
          "pass": false,
          "fail": false,
          "pending": false,
          "code": "assert(true === false)",
          "err": {},
          "isRoot": false,
          "uuid": "adb6842f-f468-4b4d-a1b9-ce6027b65ebd",
          "isHook": false,
          "skipped": true
        },
        {
          "title": "Test 2",
          "fullTitle": "Test 2",
          "duration": 100,
          "state": "skipped",
          "speed": "slow",
          "pass": false,
          "fail": false,
          "pending": false,
          "code": "assert(true === true)",
          "err": {},
          "isRoot": false,
          "uuid": "adb6842f-f468-4b4d-a1b9-ce6027b65ebe",
          "isHook": false,
          "skipped": true
        }
      ],
      "suites": [],
      "passes": [],
      "failures": [],
      "pending": [
        "b527abbe-ae4e-4f8d-a847-14ded62c3f88"
      ],
      "skipped": [
        "adb6842f-f468-4b4d-a1b9-ce6027b65ebe"
      ],
      "duration": 100,
      "root": false,
      "rootEmpty": false,
      "_timeout": 2000
    }
  ]
}